0 silly argv {
0 silly argv   _: [ 'publish' ],
0 silly argv   composed: 'publish',
0 silly argv   lernaVersion: '4.0.0',
0 silly argv   '$0': '/Users/zhangbin/work/am-editor-vue2/node_modules/.bin/lerna'
0 silly argv }
1 notice cli v4.0.0
2 verbose rootPath /Users/zhangbin/work/am-editor-vue2
3 info versioning independent
4 verbose session ffe52c93d6b65176
5 verbose user-agent lerna/4.0.0/node@v16.1.0+x64 (darwin)
6 warn Yarn's registry proxy is broken, replacing with public npm registry
7 warn If you don't have an npm token, you should exit and run `npm login`
8 silly argv { _: [ 'publish' ], composed: 'publish', lernaVersion: '4.0.0' }
9 verbose rootPath /Users/zhangbin/work/am-editor-vue2
10 silly isAnythingCommitted
11 verbose isAnythingCommitted 1
12 silly getCurrentBranch
13 verbose currentBranch main
14 silly remoteBranchExists
15 silly isBehindUpstream
16 silly isBehindUpstream main is behind origin/main by 0 commit(s) and ahead by 0
17 silly hasTags
18 verbose hasTags true
19 silly git-describe.sync "am-editor-audio@1.1.11-3-g6f143a2" => {"lastTagName":"am-editor-audio@1.1.11","lastVersion":"1.1.11","refCount":"3","sha":"6f143a2","isDirty":false}
20 info Looking for changed packages since am-editor-audio@1.1.11
21 info ignoring diff in paths matching [
21 info ignoring diff in paths matching   '**/*.md',
21 info ignoring diff in paths matching   '**/*.test.ts',
21 info ignoring diff in paths matching   '**/*.e2e.ts',
21 info ignoring diff in paths matching   '**/fixtures/**',
21 info ignoring diff in paths matching   '**/test/**'
21 info ignoring diff in paths matching ]
22 silly checking diff packages/audio
23 silly no diff found in am-editor-audio
24 silly checking diff packages/codeblock
25 silly found diff in packages/codeblock/package.json
25 silly found diff in packages/codeblock/src/component/editor.ts
26 verbose filtered diff [
26 verbose filtered diff   'packages/codeblock/package.json',
26 verbose filtered diff   'packages/codeblock/src/component/editor.ts'
26 verbose filtered diff ]
27 silly checking diff packages/link
28 silly found diff in packages/link/package.json
29 verbose filtered diff [ 'packages/link/package.json' ]
30 silly checking diff packages/map
31 silly no diff found in am-editor-map
32 silly checking diff packages/toolbar
33 silly found diff in packages/toolbar/package.json
33 silly found diff in packages/toolbar/src/components/toolbar.vue
33 silly found diff in packages/toolbar/src/plugin/component/popup.ts
34 verbose filtered diff [
34 verbose filtered diff   'packages/toolbar/package.json',
34 verbose filtered diff   'packages/toolbar/src/components/toolbar.vue',
34 verbose filtered diff   'packages/toolbar/src/plugin/component/popup.ts'
34 verbose filtered diff ]
35 verbose updated am-editor-codeblock-vue2
36 verbose updated am-editor-link-vue2
37 verbose updated am-editor-toolbar-vue2
38 verbose git-describe undefined => "am-editor-audio@1.1.11-3-g6f143a2"
39 silly git-describe parsed => {"lastTagName":"am-editor-audio@1.1.11","lastVersion":"1.1.11","refCount":"3","sha":"6f143a2","isDirty":false}
40 info execute Skipping releases
41 silly lifecycle No script for "preversion" in "am-editor-vue2", continuing
42 silly lifecycle No script for "preversion" in "am-editor-codeblock-vue2", continuing
43 silly lifecycle No script for "preversion" in "am-editor-link-vue2", continuing
44 silly lifecycle No script for "preversion" in "am-editor-toolbar-vue2", continuing
45 silly lifecycle No script for "version" in "am-editor-codeblock-vue2", continuing
46 silly lifecycle No script for "version" in "am-editor-toolbar-vue2", continuing
47 silly lifecycle No script for "version" in "am-editor-link-vue2", continuing
48 silly lifecycle No script for "version" in "am-editor-vue2", continuing
49 silly gitAdd [
49 silly gitAdd   'packages/codeblock/package.json',
49 silly gitAdd   'packages/toolbar/package.json',
49 silly gitAdd   'packages/link/package.json'
49 silly gitAdd ]
50 silly gitCommit Publish
50 silly gitCommit
50 silly gitCommit  - am-editor-codeblock-vue2@1.1.14
50 silly gitCommit  - am-editor-link-vue2@1.1.14
50 silly gitCommit  - am-editor-toolbar-vue2@1.1.16
51 verbose git [
51 verbose git   'commit',
51 verbose git   '-F',
51 verbose git   '/private/var/folders/nx/670lmgh97m1ccbkw92s36v4m0000gn/T/d1fc1355-5c56-407d-b8e3-0b517437c675/lerna-commit.txt'
51 verbose git ]
52 silly gitTag am-editor-codeblock-vue2@1.1.14
53 verbose git [
53 verbose git   'tag',
53 verbose git   'am-editor-codeblock-vue2@1.1.14',
53 verbose git   '-m',
53 verbose git   'am-editor-codeblock-vue2@1.1.14'
53 verbose git ]
54 silly gitTag am-editor-link-vue2@1.1.14
55 verbose git [
55 verbose git   'tag',
55 verbose git   'am-editor-link-vue2@1.1.14',
55 verbose git   '-m',
55 verbose git   'am-editor-link-vue2@1.1.14'
55 verbose git ]
56 silly gitTag am-editor-toolbar-vue2@1.1.16
57 verbose git [
57 verbose git   'tag',
57 verbose git   'am-editor-toolbar-vue2@1.1.16',
57 verbose git   '-m',
57 verbose git   'am-editor-toolbar-vue2@1.1.16'
57 verbose git ]
58 silly lifecycle No script for "postversion" in "am-editor-codeblock-vue2", continuing
59 silly lifecycle No script for "postversion" in "am-editor-link-vue2", continuing
60 silly lifecycle No script for "postversion" in "am-editor-toolbar-vue2", continuing
61 silly lifecycle No script for "postversion" in "am-editor-vue2", continuing
62 info git Pushing tags...
63 silly gitPush origin main
64 info publish Publishing packages to npm...
65 info Verifying npm credentials
66 verbose Retrieving npm user profile
67 warn registry Unexpected warning for https://registry.npmjs.org/: Miscellaneous Warning ETIMEDOUT: request to https://registry.npmjs.org/-/npm/v1/user failed, reason: connect ETIMEDOUT 104.16.25.35:443
68 warn registry Using stale data from https://registry.npmjs.org/ due to a request error during revalidation.
69 http fetch GET 200 https://registry.npmjs.org/-/npm/v1/user 75297ms (from cache)
70 silly npm profile get received {"tfa":false,"name":"gavin2017","email":"bjzhang.bin@163.com","email_verified":true,"created":"2017-06-02T03:21:00.790Z","updated":"2021-10-22T07:16:11.263Z","cidr_whitelist":null}
71 silly get npm username received {"username":"gavin2017","tfa":false,"name":"gavin2017","email":"bjzhang.bin@163.com","email_verified":true,"created":"2017-06-02T03:21:00.790Z","updated":"2021-10-22T07:16:11.263Z","cidr_whitelist":null}
72 silly verifyNpmPackageAccess
73 http fetch GET 200 https://registry.npmjs.org/-/org/gavin2017/package?format=cli 75133ms (cache stale)
74 info Checking two-factor auth mode
75 verbose Retrieving npm user profile
76 http fetch GET 200 https://registry.npmjs.org/-/npm/v1/user 75119ms (from cache)
77 silly npm profile get received {"tfa":false,"name":"gavin2017","email":"bjzhang.bin@163.com","email_verified":true,"created":"2017-06-02T03:21:00.790Z","updated":"2021-10-22T07:16:11.263Z","cidr_whitelist":null}
78 silly 2FA false
79 silly getCurrentSHA
80 verbose getCurrentSHA bc52c5d6caf2d168a714f12d1cbbdea28d376ac0
81 silly lifecycle No script for "prepublish" in "am-editor-vue2", continuing
82 silly lifecycle No script for "prepare" in "am-editor-vue2", continuing
83 silly lifecycle No script for "prepublishOnly" in "am-editor-vue2", continuing
84 silly lifecycle No script for "prepack" in "am-editor-vue2", continuing
85 verbose pack-directory packages/codeblock
86 verbose pack-directory packages/link
87 verbose pack-directory packages/toolbar
88 silly lifecycle No script for "prepublish" in "am-editor-codeblock-vue2", continuing
89 silly lifecycle No script for "prepublish" in "am-editor-link-vue2", continuing
90 silly lifecycle No script for "prepublish" in "am-editor-toolbar-vue2", continuing
91 silly lifecycle No script for "prepare" in "am-editor-codeblock-vue2", continuing
92 silly lifecycle No script for "prepare" in "am-editor-link-vue2", continuing
93 silly lifecycle No script for "prepare" in "am-editor-toolbar-vue2", continuing
94 silly lifecycle No script for "prepublishOnly" in "am-editor-link-vue2", continuing
95 silly lifecycle No script for "prepublishOnly" in "am-editor-codeblock-vue2", continuing
96 silly lifecycle No script for "prepublishOnly" in "am-editor-toolbar-vue2", continuing
97 silly lifecycle No script for "prepack" in "am-editor-link-vue2", continuing
98 silly lifecycle No script for "prepack" in "am-editor-codeblock-vue2", continuing
99 silly lifecycle No script for "prepack" in "am-editor-toolbar-vue2", continuing
100 silly lifecycle No script for "postpack" in "am-editor-link-vue2", continuing
101 verbose packed packages/link
102 silly lifecycle No script for "postpack" in "am-editor-codeblock-vue2", continuing
103 verbose packed packages/codeblock
104 silly lifecycle No script for "postpack" in "am-editor-toolbar-vue2", continuing
105 verbose packed packages/toolbar
106 silly lifecycle No script for "postpack" in "am-editor-vue2", continuing
107 verbose publish am-editor-codeblock-vue2
108 verbose publish am-editor-link-vue2
109 verbose publish am-editor-toolbar-vue2
110 silly FetchError: request to https://registry.npmjs.org/am-editor-toolbar-vue2 failed, reason: connect ETIMEDOUT 104.16.25.35:443
110 silly     at ClientRequest.<anonymous> (/Users/zhangbin/work/am-editor-vue2/node_modules/minipass-fetch/lib/index.js:110:14)
110 silly     at ClientRequest.emit (node:events:365:28)
110 silly     at TLSSocket.socketErrorListener (node:_http_client:447:9)
110 silly     at TLSSocket.emit (node:events:377:35)
110 silly     at emitErrorNT (node:internal/streams/destroy:193:8)
110 silly     at emitErrorCloseNT (node:internal/streams/destroy:158:3)
110 silly     at processTicksAndRejections (node:internal/process/task_queues:83:21)
110 silly  FetchError: request to https://registry.npmjs.org/am-editor-toolbar-vue2 failed, reason: connect ETIMEDOUT 104.16.25.35:443
110 silly     at ClientRequest.<anonymous> (/Users/zhangbin/work/am-editor-vue2/node_modules/minipass-fetch/lib/index.js:110:14)
110 silly     at ClientRequest.emit (node:events:365:28)
110 silly     at TLSSocket.socketErrorListener (node:_http_client:447:9)
110 silly     at TLSSocket.emit (node:events:377:35)
110 silly     at emitErrorNT (node:internal/streams/destroy:193:8)
110 silly     at emitErrorCloseNT (node:internal/streams/destroy:158:3)
110 silly     at processTicksAndRejections (node:internal/process/task_queues:83:21) {
110 silly   code: 'ETIMEDOUT',
110 silly   errno: 'ETIMEDOUT',
110 silly   syscall: 'connect',
110 silly   address: '104.16.25.35',
110 silly   port: 443,
110 silly   type: 'system'
110 silly }
111 error ETIMEDOUT request to https://registry.npmjs.org/am-editor-toolbar-vue2 failed, reason: connect ETIMEDOUT 104.16.25.35:443
112 error FetchError: request to https://registry.npmjs.org/am-editor-toolbar-vue2 failed, reason: connect ETIMEDOUT 104.16.25.35:443
112 error     at ClientRequest.<anonymous> (/Users/zhangbin/work/am-editor-vue2/node_modules/minipass-fetch/lib/index.js:110:14)
112 error     at ClientRequest.emit (node:events:365:28)
112 error     at TLSSocket.socketErrorListener (node:_http_client:447:9)
112 error     at TLSSocket.emit (node:events:377:35)
112 error     at emitErrorNT (node:internal/streams/destroy:193:8)
112 error     at emitErrorCloseNT (node:internal/streams/destroy:158:3)
